{"level":"info","message":"[2024-04-01T10:24:46.238Z] GET /api/sqrt/?num1=2&num2=3 :::: sqrt operation requested: 2 sqrt 3","service":"calculator-microservice"}
{"level":"info","message":"[2024-04-01T10:25:26.780Z] GET /api/sqrt/?num=25 :::: sqrt operation requested: undefined sqrt undefined","service":"calculator-microservice"}
{"level":"info","message":"[2024-04-09T01:39:33.906Z] GET /api/sqrt/?num=25 :::: sqrt operation requested: undefined sqrt undefined","service":"calculator-microservice"}
{"level":"info","message":"[2024-04-09T01:58:37.568Z] GET /health :::: undefined operation requested: undefined undefined undefined","service":"calculator-microservice"}
{"level":"info","message":"[2024-04-09T01:59:03.455Z] GET /health :::: undefined operation requested: undefined undefined undefined","service":"calculator-microservice"}
{"level":"info","message":"[2024-04-09T01:59:33.564Z] GET /health :::: undefined operation requested: undefined undefined undefined","service":"calculator-microservice"}
{"level":"info","message":"[2024-04-09T02:00:03.627Z] GET /health :::: undefined operation requested: undefined undefined undefined","service":"calculator-microservice"}
{"level":"info","message":"[2024-04-09T02:00:33.696Z] GET /health :::: undefined operation requested: undefined undefined undefined","service":"calculator-microservice"}
{"level":"info","message":"[2024-04-09T02:01:02.876Z] GET /health :::: undefined operation requested: undefined undefined undefined","service":"calculator-microservice"}
{"level":"info","message":"[2024-04-09T02:01:03.029Z] GET /favicon.ico :::: undefined operation requested: undefined undefined undefined","service":"calculator-microservice"}
{"level":"info","message":"[2024-05-13T12:11:20.837Z] POST /api/users :::: users operation requested: undefined users undefined","service":"calculator-microservice"}
{"level":"info","message":"[2024-05-13T12:11:47.968Z] POST /api/users :::: users operation requested: undefined users undefined","service":"calculator-microservice"}
{"level":"info","message":"[2024-05-13T12:21:34.007Z] POST /api/users :::: users operation requested: undefined users undefined","service":"calculator-microservice"}
{"level":"info","message":"[2024-05-13T12:21:36.236Z] POST /api/users :::: users operation requested: undefined users undefined","service":"calculator-microservice"}
{"level":"info","message":"[2024-05-13T12:21:57.277Z] POST /api/users :::: users operation requested: undefined users undefined","service":"calculator-microservice"}
{"level":"info","message":"[2024-05-13T12:21:58.064Z] POST /api/users :::: users operation requested: undefined users undefined","service":"calculator-microservice"}
{"level":"info","message":"[2024-05-13T12:22:12.176Z] POST /api/users :::: users operation requested: undefined users undefined","service":"calculator-microservice"}
{"level":"info","message":"[2024-05-13T12:22:12.948Z] POST /api/users :::: users operation requested: undefined users undefined","service":"calculator-microservice"}
{"level":"info","message":"[2024-05-13T12:22:20.008Z] POST /api/users :::: users operation requested: undefined users undefined","service":"calculator-microservice"}
{"level":"info","message":"[2024-05-13T12:22:59.214Z] POST /api/add?num1=1&num2=2 :::: add operation requested: 1 add 2","service":"calculator-microservice"}
{"level":"info","message":"[2024-05-13T12:23:00.554Z] POST /api/add?num1=1&num2=2 :::: add operation requested: 1 add 2","service":"calculator-microservice"}
{"level":"info","message":"[2024-05-13T12:23:22.361Z] POST /api/add?num1=1&num2=2 :::: add operation requested: 1 add 2","service":"calculator-microservice"}
{"level":"info","message":"[2024-05-13T12:23:46.747Z] GET /api/add?num1=1&num2=2 :::: add operation requested: 1 add 2","service":"calculator-microservice"}
{"level":"info","message":"[2024-05-13T12:24:29.198Z] POST /api/users :::: users operation requested: undefined users undefined","service":"calculator-microservice"}
{"level":"info","message":"[2024-05-13T12:24:46.860Z] POST /api/users :::: users operation requested: undefined users undefined","service":"calculator-microservice"}
{"level":"info","message":"[2024-05-13T12:24:47.741Z] POST /api/users :::: users operation requested: undefined users undefined","service":"calculator-microservice"}
{"level":"info","message":"[2024-05-13T12:25:24.063Z] POST /api/users :::: users operation requested: undefined users undefined","service":"calculator-microservice"}
{"level":"info","message":"[2024-05-13T12:25:25.500Z] POST /api/users :::: users operation requested: undefined users undefined","service":"calculator-microservice"}
{"level":"info","message":"[2024-05-13T12:25:37.133Z] POST /api/users :::: users operation requested: undefined users undefined","service":"calculator-microservice"}
